Tue Mar 20 21:03:25 CST 2018  [debug] AvalonLogSystem initialized using logfile 'E:\CODE\springMVC\.metadata\.plugins\com.genuitec.eclipse.templates\velocity.log'
Tue Mar 20 21:03:25 CST 2018   [info] ************************************************************** 
Tue Mar 20 21:03:25 CST 2018   [info] Starting Jakarta Velocity v1.4
Tue Mar 20 21:03:25 CST 2018   [info] RuntimeInstance initializing.
Tue Mar 20 21:03:25 CST 2018   [info] Default Properties File: org\apache\velocity\runtime\defaults\velocity.properties
Tue Mar 20 21:03:25 CST 2018   [info] Trying to use logger class org.apache.velocity.runtime.log.AvalonLogSystem
Tue Mar 20 21:03:25 CST 2018   [info] Using logger class org.apache.velocity.runtime.log.AvalonLogSystem
Tue Mar 20 21:03:25 CST 2018   [info] Default ResourceManager initializing. (class org.apache.velocity.runtime.resource.ResourceManagerImpl)
Tue Mar 20 21:03:25 CST 2018   [info] Resource Loader Instantiated: com.genuitec.eclipse.templates.internal.PluginResourceLoader
Tue Mar 20 21:03:25 CST 2018   [info] ResourceCache : initialized. (class org.apache.velocity.runtime.resource.ResourceCacheImpl)
Tue Mar 20 21:03:25 CST 2018   [info] Default ResourceManager initialization complete.
Tue Mar 20 21:03:25 CST 2018   [info] Loaded System Directive: org.apache.velocity.runtime.directive.Literal
Tue Mar 20 21:03:25 CST 2018   [info] Loaded System Directive: org.apache.velocity.runtime.directive.Macro
Tue Mar 20 21:03:25 CST 2018   [info] Loaded System Directive: org.apache.velocity.runtime.directive.Parse
Tue Mar 20 21:03:25 CST 2018   [info] Loaded System Directive: org.apache.velocity.runtime.directive.Include
Tue Mar 20 21:03:25 CST 2018   [info] Loaded System Directive: org.apache.velocity.runtime.directive.Foreach
Tue Mar 20 21:03:25 CST 2018   [info] Created: 20 parsers.
Tue Mar 20 21:03:25 CST 2018   [info] Velocimacro : initialization starting.
Tue Mar 20 21:03:25 CST 2018   [info] Velocimacro : adding VMs from VM library template : VM_global_library.vm
Tue Mar 20 21:03:25 CST 2018  [error] ResourceManager : unable to find resource 'VM_global_library.vm' in any resource loader.
Tue Mar 20 21:03:25 CST 2018   [info] Velocimacro : error using  VM library template VM_global_library.vm : org.apache.velocity.exception.ResourceNotFoundException: Unable to find resource 'VM_global_library.vm'
Tue Mar 20 21:03:25 CST 2018   [info] Velocimacro :  VM library template macro registration complete.
Tue Mar 20 21:03:25 CST 2018   [info] Velocimacro : allowInline = true : VMs can be defined inline in templates
Tue Mar 20 21:03:25 CST 2018   [info] Velocimacro : allowInlineToOverride = true : VMs defined inline may replace previous VM definitions
Tue Mar 20 21:03:25 CST 2018   [info] Velocimacro : allowInlineLocal = true : VMs defined inline will be local to their defining template only.
Tue Mar 20 21:03:25 CST 2018   [info] Velocimacro : messages on  : VM system will output logging messages
Tue Mar 20 21:03:25 CST 2018   [info] Velocimacro : autoload off  : VM system will not automatically reload global library macros
Tue Mar 20 21:03:25 CST 2018   [info] Velocimacro : initialization complete.
Tue Mar 20 21:03:25 CST 2018   [info] Velocity successfully started.
Tue Mar 20 21:03:25 CST 2018   [info] ResourceManager : found templates/web.xml.vm with loader com.genuitec.eclipse.templates.internal.PluginResourceLoader
Tue Mar 20 21:03:25 CST 2018   [info] ResourceManager : found /templates/velocity/welcome/Jsp.vtl with loader com.genuitec.eclipse.templates.internal.PluginResourceLoader
Tue Mar 20 21:16:05 CST 2018   [info] ResourceManager : found templates/jsp/Jsp.vtl with loader com.genuitec.eclipse.templates.internal.PluginResourceLoader
Tue Mar 20 21:16:05 CST 2018   [info] ResourceManager : found templates/jsp/JSPMetaTags.vtl with loader com.genuitec.eclipse.templates.internal.PluginResourceLoader
